{
  "RSpec": {
    "coverage": {
      "/Users/rob/Drive/makers/proper/week3/battle/app.rb": [
        1,
        1,
        1,
        null,
        1,
        null,
        1,
        null,
        1,
        8,
        null,
        null,
        1,
        8,
        8,
        8,
        8,
        null,
        null,
        1,
        14,
        14,
        14,
        null,
        null,
        1,
        5,
        5,
        5,
        null,
        null,
        1,
        1,
        1,
        1,
        null,
        null,
        1,
        1,
        1,
        1,
        null,
        null,
        1,
        1,
        1,
        null,
        null,
        1,
        null
      ],
      "/Users/rob/Drive/makers/proper/week3/battle/lib/player.rb": [
        1,
        null,
        1,
        null,
        1,
        1,
        null,
        1,
        19,
        19,
        19,
        19,
        19,
        null,
        null,
        1,
        7,
        null,
        null,
        null
      ],
      "/Users/rob/Drive/makers/proper/week3/battle/lib/game.rb": [
        1,
        null,
        1,
        null,
        1,
        null,
        1,
        8,
        null,
        null,
        1,
        21,
        null,
        null,
        1,
        14,
        14,
        14,
        14,
        14,
        null,
        null,
        1,
        73,
        null,
        null,
        1,
        81,
        null,
        null,
        1,
        8,
        8,
        8,
        null,
        null,
        1,
        1,
        1,
        1,
        1,
        null,
        null,
        1,
        0,
        null,
        null,
        1,
        10,
        0,
        0,
        null,
        10,
        10,
        null,
        null,
        null,
        1,
        10,
        1,
        1,
        null,
        9,
        null,
        null,
        null,
        1,
        null,
        1,
        8,
        null,
        null,
        1,
        1,
        null,
        null
      ],
      "/Users/rob/Drive/makers/proper/week3/battle/spec/features/web_helpers.rb": [
        1,
        8,
        8,
        8,
        8,
        null
      ],
      "/Users/rob/Drive/makers/proper/week3/battle/spec/features/attack_player2_spec.rb": [
        null,
        null,
        null,
        null,
        1,
        1,
        1,
        1,
        1,
        null,
        null
      ],
      "/Users/rob/Drive/makers/proper/week3/battle/spec/features/enter_names_spec.rb": [
        null,
        null,
        null,
        null,
        1,
        1,
        1,
        1,
        null,
        null
      ],
      "/Users/rob/Drive/makers/proper/week3/battle/spec/features/lose_game_spec.rb": [
        null,
        null,
        null,
        null,
        1,
        1,
        1,
        1,
        1,
        1,
        null,
        null
      ],
      "/Users/rob/Drive/makers/proper/week3/battle/spec/features/player_2_poisoned_spec.rb": [
        1,
        1,
        1,
        1,
        1,
        null,
        null
      ],
      "/Users/rob/Drive/makers/proper/week3/battle/spec/features/player_2_sleeps_spec.rb": [
        1,
        1,
        1,
        1,
        1,
        null,
        null
      ],
      "/Users/rob/Drive/makers/proper/week3/battle/spec/features/reduce_hit_points_spec.rb": [
        null,
        null,
        null,
        1,
        1,
        1,
        1,
        1,
        null,
        null,
        1,
        1,
        1,
        null,
        null,
        null
      ],
      "/Users/rob/Drive/makers/proper/week3/battle/spec/features/switch_turns_spec.rb": [
        null,
        null,
        null,
        null,
        1,
        1,
        1,
        1,
        1,
        1,
        null,
        null,
        null
      ],
      "/Users/rob/Drive/makers/proper/week3/battle/spec/features/view_hit_points_spec.rb": [
        null,
        null,
        null,
        null,
        1,
        1,
        1,
        1,
        null,
        null
      ],
      "/Users/rob/Drive/makers/proper/week3/battle/spec/game_spec.rb": [
        1,
        null,
        1,
        null,
        7,
        7,
        7,
        null,
        1,
        1,
        1,
        null,
        null,
        1,
        1,
        null,
        null,
        null,
        1,
        1,
        1,
        1,
        1,
        null,
        null,
        1,
        1,
        1,
        1,
        null,
        null,
        null,
        1,
        1,
        1,
        null,
        null,
        null,
        1,
        1,
        1,
        1,
        1,
        null,
        null,
        null,
        null
      ],
      "/Users/rob/Drive/makers/proper/week3/battle/spec/player_spec.rb": [
        1,
        null,
        1,
        null,
        4,
        1,
        null,
        1,
        1,
        1,
        null,
        null,
        null,
        1,
        1,
        1,
        null,
        null,
        null,
        1,
        1,
        4,
        null,
        null,
        null
      ]
    },
    "timestamp": 1489332600
  }
}
